{"C:\\Product\\ecommerce-frontend\\src\\components\\LoadingSpinner.jsx": {"path":"C:\\Product\\ecommerce-frontend\\src\\components\\LoadingSpinner.jsx","statementMap":{"0":{"start":{"line":4,"column":6},"end":{"line":12,"column":null}},"1":{"start":{"line":5,"column":2},"end":{"line":10,"column":null}}},"fnMap":{"0":{"name":"(anonymous_0)","decl":{"start":{"line":4,"column":6},"end":{"line":4,"column":29}},"loc":{"start":{"line":4,"column":29},"end":{"line":12,"column":null}},"line":4}},"branchMap":{},"s":{"0":1,"1":3},"f":{"0":3},"b":{},"meta":{"lastBranch":0,"lastFunction":1,"lastStatement":2,"seen":{"s:4:6:12:Infinity":0,"f:4:6:4:29":0,"s:5:2:10:Infinity":1},"fnNames":{}}}
,"C:\\Product\\ecommerce-frontend\\src\\components\\Navbar.jsx": {"path":"C:\\Product\\ecommerce-frontend\\src\\components\\Navbar.jsx","statementMap":{"0":{"start":{"line":8,"column":6},"end":{"line":105,"column":null}},"1":{"start":{"line":9,"column":28},"end":{"line":9,"column":36}},"2":{"start":{"line":10,"column":27},"end":{"line":10,"column":35}},"3":{"start":{"line":12,"column":2},"end":{"line":103,"column":null}}},"fnMap":{"0":{"name":"(anonymous_0)","decl":{"start":{"line":8,"column":6},"end":{"line":8,"column":28}},"loc":{"start":{"line":8,"column":28},"end":{"line":105,"column":null}},"line":8}},"branchMap":{"0":{"loc":{"start":{"line":25,"column":13},"end":{"line":29,"column":null}},"type":"binary-expr","locations":[{"start":{"line":25,"column":13},"end":{"line":25,"column":21}},{"start":{"line":25,"column":21},"end":{"line":25,"column":null}},{"start":{"line":26,"column":14},"end":{"line":29,"column":null}}],"line":25},"1":{"loc":{"start":{"line":32,"column":13},"end":{"line":49,"column":null}},"type":"binary-expr","locations":[{"start":{"line":32,"column":13},"end":{"line":32,"column":null}},{"start":{"line":33,"column":14},"end":{"line":49,"column":null}}],"line":32},"2":{"loc":{"start":{"line":55,"column":13},"end":{"line":87,"column":13}},"type":"cond-expr","locations":[{"start":{"line":56,"column":14},"end":{"line":65,"column":15}},{"start":{"line":65,"column":14},"end":{"line":87,"column":13}}],"line":55},"3":{"loc":{"start":{"line":68,"column":78},"end":{"line":68,"column":108}},"type":"binary-expr","locations":[{"start":{"line":68,"column":78},"end":{"line":68,"column":92}},{"start":{"line":68,"column":92},"end":{"line":68,"column":108}}],"line":68},"4":{"loc":{"start":{"line":89,"column":15},"end":{"line":99,"column":null}},"type":"binary-expr","locations":[{"start":{"line":89,"column":15},"end":{"line":89,"column":null}},{"start":{"line":90,"column":16},"end":{"line":99,"column":null}}],"line":89}},"s":{"0":1,"1":5,"2":5,"3":5},"f":{"0":5},"b":{"0":[5,3,2],"1":[5,1],"2":[2,3],"3":[3,0],"4":[5,5]},"meta":{"lastBranch":5,"lastFunction":1,"lastStatement":4,"seen":{"s:8:6:105:Infinity":0,"f:8:6:8:28":0,"s:9:28:9:36":1,"s:10:27:10:35":2,"s:12:2:103:Infinity":3,"b:25:13:25:21:25:21:25:Infinity:26:14:29:Infinity":0,"b:32:13:32:Infinity:33:14:49:Infinity":1,"b:56:14:65:15:65:14:87:13":2,"b:68:78:68:92:68:92:68:108":3,"b:89:15:89:Infinity:90:16:99:Infinity":4},"fnNames":{}}}
,"C:\\Product\\ecommerce-frontend\\src\\components\\ProductCard.jsx": {"path":"C:\\Product\\ecommerce-frontend\\src\\components\\ProductCard.jsx","statementMap":{"0":{"start":{"line":5,"column":6},"end":{"line":50,"column":null}},"1":{"start":{"line":6,"column":24},"end":{"line":6,"column":32}},"2":{"start":{"line":8,"column":2},"end":{"line":48,"column":null}},"3":{"start":{"line":43,"column":23},"end":{"line":43,"column":null}}},"fnMap":{"0":{"name":"(anonymous_0)","decl":{"start":{"line":5,"column":6},"end":{"line":5,"column":21}},"loc":{"start":{"line":5,"column":37},"end":{"line":50,"column":null}},"line":5},"1":{"name":"(anonymous_1)","decl":{"start":{"line":43,"column":8},"end":{"line":43,"column":23}},"loc":{"start":{"line":43,"column":23},"end":{"line":43,"column":null}},"line":43}},"branchMap":{"0":{"loc":{"start":{"line":10,"column":29},"end":{"line":10,"column":65}},"type":"binary-expr","locations":[{"start":{"line":10,"column":29},"end":{"line":10,"column":44}},{"start":{"line":10,"column":44},"end":{"line":10,"column":65}}],"line":10},"1":{"loc":{"start":{"line":12,"column":11},"end":{"line":15,"column":11}},"type":"binary-expr","locations":[{"start":{"line":12,"column":11},"end":{"line":12,"column":null}},{"start":{"line":13,"column":12},"end":{"line":15,"column":11}}],"line":12},"2":{"loc":{"start":{"line":16,"column":17},"end":{"line":16,"column":null}},"type":"binary-expr","locations":[{"start":{"line":16,"column":17},"end":{"line":16,"column":37}},{"start":{"line":16,"column":37},"end":{"line":16,"column":null}}],"line":16},"3":{"loc":{"start":{"line":32,"column":29},"end":{"line":32,"column":65}},"type":"binary-expr","locations":[{"start":{"line":32,"column":29},"end":{"line":32,"column":44}},{"start":{"line":32,"column":44},"end":{"line":32,"column":65}}],"line":32},"4":{"loc":{"start":{"line":46,"column":9},"end":{"line":46,"column":null}},"type":"cond-expr","locations":[{"start":{"line":46,"column":29},"end":{"line":46,"column":45}},{"start":{"line":46,"column":45},"end":{"line":46,"column":null}}],"line":46}},"s":{"0":1,"1":8,"2":8,"3":1},"f":{"0":8,"1":1},"b":{"0":[8,8],"1":[8,0],"2":[8,0],"3":[8,8],"4":[7,1]},"meta":{"lastBranch":5,"lastFunction":2,"lastStatement":4,"seen":{"s:5:6:50:Infinity":0,"f:5:6:5:21":0,"s:6:24:6:32":1,"s:8:2:48:Infinity":2,"b:10:29:10:44:10:44:10:65":0,"b:12:11:12:Infinity:13:12:15:11":1,"b:16:17:16:37:16:37:16:Infinity":2,"b:32:29:32:44:32:44:32:65":3,"f:43:8:43:23":1,"s:43:23:43:Infinity":3,"b:46:29:46:45:46:45:46:Infinity":4},"fnNames":{}}}
,"C:\\Product\\ecommerce-frontend\\src\\pages\\Login.jsx": {"path":"C:\\Product\\ecommerce-frontend\\src\\pages\\Login.jsx","statementMap":{"0":{"start":{"line":8,"column":6},"end":{"line":74,"column":null}},"1":{"start":{"line":9,"column":28},"end":{"line":9,"column":null}},"2":{"start":{"line":10,"column":34},"end":{"line":10,"column":null}},"3":{"start":{"line":11,"column":32},"end":{"line":11,"column":null}},"4":{"start":{"line":12,"column":20},"end":{"line":12,"column":28}},"5":{"start":{"line":13,"column":19},"end":{"line":13,"column":31}},"6":{"start":{"line":15,"column":23},"end":{"line":28,"column":null}},"7":{"start":{"line":16,"column":4},"end":{"line":16,"column":null}},"8":{"start":{"line":17,"column":4},"end":{"line":17,"column":null}},"9":{"start":{"line":18,"column":4},"end":{"line":27,"column":null}},"10":{"start":{"line":19,"column":19},"end":{"line":19,"column":null}},"11":{"start":{"line":20,"column":6},"end":{"line":20,"column":null}},"12":{"start":{"line":21,"column":6},"end":{"line":21,"column":null}},"13":{"start":{"line":22,"column":6},"end":{"line":22,"column":null}},"14":{"start":{"line":24,"column":6},"end":{"line":24,"column":null}},"15":{"start":{"line":26,"column":6},"end":{"line":26,"column":null}},"16":{"start":{"line":30,"column":2},"end":{"line":72,"column":null}},"17":{"start":{"line":41,"column":33},"end":{"line":41,"column":null}},"18":{"start":{"line":51,"column":33},"end":{"line":51,"column":null}}},"fnMap":{"0":{"name":"(anonymous_0)","decl":{"start":{"line":8,"column":6},"end":{"line":8,"column":20}},"loc":{"start":{"line":8,"column":20},"end":{"line":74,"column":null}},"line":8},"1":{"name":"(anonymous_1)","decl":{"start":{"line":15,"column":23},"end":{"line":15,"column":30}},"loc":{"start":{"line":15,"column":36},"end":{"line":28,"column":null}},"line":15},"2":{"name":"(anonymous_2)","decl":{"start":{"line":41,"column":16},"end":{"line":41,"column":27}},"loc":{"start":{"line":41,"column":33},"end":{"line":41,"column":null}},"line":41},"3":{"name":"(anonymous_3)","decl":{"start":{"line":51,"column":16},"end":{"line":51,"column":27}},"loc":{"start":{"line":51,"column":33},"end":{"line":51,"column":null}},"line":51}},"branchMap":{"0":{"loc":{"start":{"line":24,"column":18},"end":{"line":24,"column":63}},"type":"binary-expr","locations":[{"start":{"line":24,"column":18},"end":{"line":24,"column":49}},{"start":{"line":24,"column":49},"end":{"line":24,"column":63}}],"line":24},"1":{"loc":{"start":{"line":63,"column":15},"end":{"line":63,"column":null}},"type":"cond-expr","locations":[{"start":{"line":63,"column":25},"end":{"line":63,"column":43}},{"start":{"line":63,"column":43},"end":{"line":63,"column":null}}],"line":63}},"s":{"0":1,"1":54,"2":54,"3":54,"4":54,"5":54,"6":54,"7":2,"8":2,"9":2,"10":2,"11":1,"12":1,"13":1,"14":1,"15":2,"16":54,"17":27,"18":20},"f":{"0":54,"1":2,"2":27,"3":20},"b":{"0":[1,0],"1":[2,52]},"meta":{"lastBranch":2,"lastFunction":4,"lastStatement":19,"seen":{"s:8:6:74:Infinity":0,"f:8:6:8:20":0,"s:9:28:9:Infinity":1,"s:10:34:10:Infinity":2,"s:11:32:11:Infinity":3,"s:12:20:12:28":4,"s:13:19:13:31":5,"s:15:23:28:Infinity":6,"f:15:23:15:30":1,"s:16:4:16:Infinity":7,"s:17:4:17:Infinity":8,"s:18:4:27:Infinity":9,"s:19:19:19:Infinity":10,"s:20:6:20:Infinity":11,"s:21:6:21:Infinity":12,"s:22:6:22:Infinity":13,"s:24:6:24:Infinity":14,"b:24:18:24:49:24:49:24:63":0,"s:26:6:26:Infinity":15,"s:30:2:72:Infinity":16,"f:41:16:41:27":2,"s:41:33:41:Infinity":17,"f:51:16:51:27":3,"s:51:33:51:Infinity":18,"b:63:25:63:43:63:43:63:Infinity":1},"fnNames":{}}}
,"C:\\Product\\ecommerce-frontend\\src\\services\\authService.js": {"path":"C:\\Product\\ecommerce-frontend\\src\\services\\authService.js","statementMap":{"0":{"start":{"line":3,"column":17},"end":{"line":3,"column":null}},"1":{"start":{"line":5,"column":28},"end":{"line":8,"column":null}},"2":{"start":{"line":6,"column":19},"end":{"line":6,"column":null}},"3":{"start":{"line":7,"column":2},"end":{"line":7,"column":null}},"4":{"start":{"line":10,"column":27},"end":{"line":13,"column":null}},"5":{"start":{"line":11,"column":19},"end":{"line":11,"column":null}},"6":{"start":{"line":12,"column":2},"end":{"line":12,"column":null}},"7":{"start":{"line":15,"column":25},"end":{"line":18,"column":null}},"8":{"start":{"line":16,"column":19},"end":{"line":16,"column":null}},"9":{"start":{"line":17,"column":2},"end":{"line":17,"column":null}}},"fnMap":{"0":{"name":"(anonymous_0)","decl":{"start":{"line":5,"column":28},"end":{"line":5,"column":35}},"loc":{"start":{"line":5,"column":61},"end":{"line":8,"column":null}},"line":5},"1":{"name":"(anonymous_1)","decl":{"start":{"line":10,"column":27},"end":{"line":10,"column":34}},"loc":{"start":{"line":10,"column":50},"end":{"line":13,"column":null}},"line":10},"2":{"name":"(anonymous_2)","decl":{"start":{"line":15,"column":25},"end":{"line":15,"column":32}},"loc":{"start":{"line":15,"column":52},"end":{"line":18,"column":null}},"line":15}},"branchMap":{},"s":{"0":2,"1":2,"2":1,"3":1,"4":2,"5":1,"6":1,"7":2,"8":1,"9":1},"f":{"0":1,"1":1,"2":1},"b":{},"meta":{"lastBranch":0,"lastFunction":3,"lastStatement":10,"seen":{"s:3:17:3:Infinity":0,"s:5:28:8:Infinity":1,"f:5:28:5:35":0,"s:6:19:6:Infinity":2,"s:7:2:7:Infinity":3,"s:10:27:13:Infinity":4,"f:10:27:10:34":1,"s:11:19:11:Infinity":5,"s:12:2:12:Infinity":6,"s:15:25:18:Infinity":7,"f:15:25:15:32":2,"s:16:19:16:Infinity":8,"s:17:2:17:Infinity":9},"fnNames":{}}}
,"C:\\Product\\ecommerce-frontend\\src\\services\\cartService.js": {"path":"C:\\Product\\ecommerce-frontend\\src\\services\\cartService.js","statementMap":{"0":{"start":{"line":3,"column":23},"end":{"line":6,"column":null}},"1":{"start":{"line":4,"column":19},"end":{"line":4,"column":null}},"2":{"start":{"line":5,"column":2},"end":{"line":5,"column":null}},"3":{"start":{"line":10,"column":30},"end":{"line":13,"column":null}},"4":{"start":{"line":11,"column":19},"end":{"line":11,"column":null}},"5":{"start":{"line":12,"column":2},"end":{"line":12,"column":null}},"6":{"start":{"line":15,"column":29},"end":{"line":18,"column":null}},"7":{"start":{"line":16,"column":19},"end":{"line":16,"column":null}},"8":{"start":{"line":17,"column":2},"end":{"line":17,"column":null}},"9":{"start":{"line":20,"column":34},"end":{"line":26,"column":null}},"10":{"start":{"line":21,"column":19},"end":{"line":24,"column":null}},"11":{"start":{"line":25,"column":2},"end":{"line":25,"column":null}},"12":{"start":{"line":28,"column":34},"end":{"line":31,"column":null}},"13":{"start":{"line":29,"column":19},"end":{"line":29,"column":null}},"14":{"start":{"line":30,"column":2},"end":{"line":30,"column":null}},"15":{"start":{"line":33,"column":25},"end":{"line":36,"column":null}},"16":{"start":{"line":34,"column":19},"end":{"line":34,"column":null}},"17":{"start":{"line":35,"column":2},"end":{"line":35,"column":null}}},"fnMap":{"0":{"name":"(anonymous_0)","decl":{"start":{"line":3,"column":23},"end":{"line":3,"column":30}},"loc":{"start":{"line":3,"column":41},"end":{"line":6,"column":null}},"line":3},"1":{"name":"(anonymous_1)","decl":{"start":{"line":10,"column":30},"end":{"line":10,"column":37}},"loc":{"start":{"line":10,"column":48},"end":{"line":13,"column":null}},"line":10},"2":{"name":"(anonymous_2)","decl":{"start":{"line":15,"column":29},"end":{"line":15,"column":36}},"loc":{"start":{"line":15,"column":57},"end":{"line":18,"column":null}},"line":15},"3":{"name":"(anonymous_3)","decl":{"start":{"line":20,"column":34},"end":{"line":20,"column":41}},"loc":{"start":{"line":20,"column":73},"end":{"line":26,"column":null}},"line":20},"4":{"name":"(anonymous_4)","decl":{"start":{"line":28,"column":34},"end":{"line":28,"column":41}},"loc":{"start":{"line":28,"column":63},"end":{"line":31,"column":null}},"line":28},"5":{"name":"(anonymous_5)","decl":{"start":{"line":33,"column":25},"end":{"line":33,"column":32}},"loc":{"start":{"line":33,"column":43},"end":{"line":36,"column":null}},"line":33}},"branchMap":{},"s":{"0":1,"1":1,"2":1,"3":1,"4":1,"5":1,"6":1,"7":1,"8":1,"9":1,"10":1,"11":1,"12":1,"13":1,"14":1,"15":1,"16":1,"17":1},"f":{"0":1,"1":1,"2":1,"3":1,"4":1,"5":1},"b":{},"meta":{"lastBranch":0,"lastFunction":6,"lastStatement":18,"seen":{"s:3:23:6:Infinity":0,"f:3:23:3:30":0,"s:4:19:4:Infinity":1,"s:5:2:5:Infinity":2,"s:10:30:13:Infinity":3,"f:10:30:10:37":1,"s:11:19:11:Infinity":4,"s:12:2:12:Infinity":5,"s:15:29:18:Infinity":6,"f:15:29:15:36":2,"s:16:19:16:Infinity":7,"s:17:2:17:Infinity":8,"s:20:34:26:Infinity":9,"f:20:34:20:41":3,"s:21:19:24:Infinity":10,"s:25:2:25:Infinity":11,"s:28:34:31:Infinity":12,"f:28:34:28:41":4,"s:29:19:29:Infinity":13,"s:30:2:30:Infinity":14,"s:33:25:36:Infinity":15,"f:33:25:33:32":5,"s:34:19:34:Infinity":16,"s:35:2:35:Infinity":17},"fnNames":{}}}
,"C:\\Product\\ecommerce-frontend\\src\\services\\inventoryService.js": {"path":"C:\\Product\\ecommerce-frontend\\src\\services\\inventoryService.js","statementMap":{"0":{"start":{"line":3,"column":28},"end":{"line":6,"column":null}},"1":{"start":{"line":4,"column":19},"end":{"line":4,"column":null}},"2":{"start":{"line":5,"column":2},"end":{"line":5,"column":null}},"3":{"start":{"line":8,"column":39},"end":{"line":11,"column":null}},"4":{"start":{"line":9,"column":19},"end":{"line":9,"column":null}},"5":{"start":{"line":10,"column":2},"end":{"line":10,"column":null}},"6":{"start":{"line":13,"column":27},"end":{"line":16,"column":null}},"7":{"start":{"line":14,"column":19},"end":{"line":14,"column":null}},"8":{"start":{"line":15,"column":2},"end":{"line":15,"column":null}},"9":{"start":{"line":18,"column":27},"end":{"line":21,"column":null}},"10":{"start":{"line":19,"column":19},"end":{"line":19,"column":null}},"11":{"start":{"line":20,"column":2},"end":{"line":20,"column":null}},"12":{"start":{"line":23,"column":31},"end":{"line":26,"column":null}},"13":{"start":{"line":24,"column":19},"end":{"line":24,"column":null}},"14":{"start":{"line":25,"column":2},"end":{"line":25,"column":null}}},"fnMap":{"0":{"name":"(anonymous_0)","decl":{"start":{"line":3,"column":28},"end":{"line":3,"column":35}},"loc":{"start":{"line":3,"column":46},"end":{"line":6,"column":null}},"line":3},"1":{"name":"(anonymous_1)","decl":{"start":{"line":8,"column":39},"end":{"line":8,"column":46}},"loc":{"start":{"line":8,"column":60},"end":{"line":11,"column":null}},"line":8},"2":{"name":"(anonymous_2)","decl":{"start":{"line":13,"column":27},"end":{"line":13,"column":39}},"loc":{"start":{"line":13,"column":39},"end":{"line":16,"column":null}},"line":13},"3":{"name":"(anonymous_3)","decl":{"start":{"line":18,"column":27},"end":{"line":18,"column":34}},"loc":{"start":{"line":18,"column":54},"end":{"line":21,"column":null}},"line":18},"4":{"name":"(anonymous_4)","decl":{"start":{"line":23,"column":31},"end":{"line":23,"column":38}},"loc":{"start":{"line":23,"column":58},"end":{"line":26,"column":null}},"line":23}},"branchMap":{},"s":{"0":1,"1":1,"2":1,"3":1,"4":1,"5":1,"6":1,"7":1,"8":1,"9":1,"10":1,"11":1,"12":1,"13":1,"14":1},"f":{"0":1,"1":1,"2":1,"3":1,"4":1},"b":{},"meta":{"lastBranch":0,"lastFunction":5,"lastStatement":15,"seen":{"s:3:28:6:Infinity":0,"f:3:28:3:35":0,"s:4:19:4:Infinity":1,"s:5:2:5:Infinity":2,"s:8:39:11:Infinity":3,"f:8:39:8:46":1,"s:9:19:9:Infinity":4,"s:10:2:10:Infinity":5,"s:13:27:16:Infinity":6,"f:13:27:13:39":2,"s:14:19:14:Infinity":7,"s:15:2:15:Infinity":8,"s:18:27:21:Infinity":9,"f:18:27:18:34":3,"s:19:19:19:Infinity":10,"s:20:2:20:Infinity":11,"s:23:31:26:Infinity":12,"f:23:31:23:38":4,"s:24:19:24:Infinity":13,"s:25:2:25:Infinity":14},"fnNames":{}}}
,"C:\\Product\\ecommerce-frontend\\src\\services\\orderService.js": {"path":"C:\\Product\\ecommerce-frontend\\src\\services\\orderService.js","statementMap":{"0":{"start":{"line":3,"column":27},"end":{"line":6,"column":null}},"1":{"start":{"line":4,"column":19},"end":{"line":4,"column":null}},"2":{"start":{"line":5,"column":2},"end":{"line":5,"column":null}},"3":{"start":{"line":8,"column":25},"end":{"line":12,"column":null}},"4":{"start":{"line":9,"column":16},"end":{"line":9,"column":null}},"5":{"start":{"line":10,"column":19},"end":{"line":10,"column":null}},"6":{"start":{"line":11,"column":2},"end":{"line":11,"column":null}},"7":{"start":{"line":14,"column":28},"end":{"line":17,"column":null}},"8":{"start":{"line":15,"column":19},"end":{"line":15,"column":null}},"9":{"start":{"line":16,"column":2},"end":{"line":16,"column":null}},"10":{"start":{"line":19,"column":27},"end":{"line":22,"column":null}},"11":{"start":{"line":20,"column":19},"end":{"line":20,"column":null}},"12":{"start":{"line":21,"column":2},"end":{"line":21,"column":null}},"13":{"start":{"line":25,"column":24},"end":{"line":28,"column":null}},"14":{"start":{"line":26,"column":19},"end":{"line":26,"column":null}},"15":{"start":{"line":27,"column":2},"end":{"line":27,"column":null}}},"fnMap":{"0":{"name":"(anonymous_0)","decl":{"start":{"line":3,"column":27},"end":{"line":3,"column":34}},"loc":{"start":{"line":3,"column":48},"end":{"line":6,"column":null}},"line":3},"1":{"name":"(anonymous_1)","decl":{"start":{"line":8,"column":25},"end":{"line":8,"column":32}},"loc":{"start":{"line":8,"column":50},"end":{"line":12,"column":null}},"line":8},"2":{"name":"(anonymous_2)","decl":{"start":{"line":14,"column":28},"end":{"line":14,"column":35}},"loc":{"start":{"line":14,"column":42},"end":{"line":17,"column":null}},"line":14},"3":{"name":"(anonymous_3)","decl":{"start":{"line":19,"column":27},"end":{"line":19,"column":34}},"loc":{"start":{"line":19,"column":41},"end":{"line":22,"column":null}},"line":19},"4":{"name":"(anonymous_4)","decl":{"start":{"line":25,"column":24},"end":{"line":25,"column":31}},"loc":{"start":{"line":25,"column":43},"end":{"line":28,"column":null}},"line":25}},"branchMap":{"0":{"loc":{"start":{"line":8,"column":32},"end":{"line":8,"column":50}},"type":"default-arg","locations":[{"start":{"line":8,"column":41},"end":{"line":8,"column":50}}],"line":8},"1":{"loc":{"start":{"line":9,"column":16},"end":{"line":9,"column":null}},"type":"cond-expr","locations":[{"start":{"line":9,"column":25},"end":{"line":9,"column":47}},{"start":{"line":9,"column":47},"end":{"line":9,"column":null}}],"line":9}},"s":{"0":1,"1":1,"2":1,"3":1,"4":2,"5":2,"6":2,"7":1,"8":1,"9":1,"10":1,"11":1,"12":1,"13":1,"14":1,"15":1},"f":{"0":1,"1":2,"2":1,"3":1,"4":1},"b":{"0":[2],"1":[1,1]},"meta":{"lastBranch":2,"lastFunction":5,"lastStatement":16,"seen":{"s:3:27:6:Infinity":0,"f:3:27:3:34":0,"s:4:19:4:Infinity":1,"s:5:2:5:Infinity":2,"s:8:25:12:Infinity":3,"f:8:25:8:32":1,"b:8:41:8:50":0,"s:9:16:9:Infinity":4,"b:9:25:9:47:9:47:9:Infinity":1,"s:10:19:10:Infinity":5,"s:11:2:11:Infinity":6,"s:14:28:17:Infinity":7,"f:14:28:14:35":2,"s:15:19:15:Infinity":8,"s:16:2:16:Infinity":9,"s:19:27:22:Infinity":10,"f:19:27:19:34":3,"s:20:19:20:Infinity":11,"s:21:2:21:Infinity":12,"s:25:24:28:Infinity":13,"f:25:24:25:31":4,"s:26:19:26:Infinity":14,"s:27:2:27:Infinity":15},"fnNames":{}}}
,"C:\\Product\\ecommerce-frontend\\src\\services\\paymentService.js": {"path":"C:\\Product\\ecommerce-frontend\\src\\services\\paymentService.js","statementMap":{"0":{"start":{"line":3,"column":31},"end":{"line":6,"column":null}},"1":{"start":{"line":4,"column":19},"end":{"line":4,"column":null}},"2":{"start":{"line":5,"column":2},"end":{"line":5,"column":null}},"3":{"start":{"line":8,"column":30},"end":{"line":11,"column":null}},"4":{"start":{"line":9,"column":19},"end":{"line":9,"column":null}},"5":{"start":{"line":10,"column":2},"end":{"line":10,"column":null}},"6":{"start":{"line":13,"column":27},"end":{"line":17,"column":null}},"7":{"start":{"line":14,"column":16},"end":{"line":14,"column":null}},"8":{"start":{"line":15,"column":19},"end":{"line":15,"column":null}},"9":{"start":{"line":16,"column":2},"end":{"line":16,"column":null}},"10":{"start":{"line":19,"column":30},"end":{"line":22,"column":null}},"11":{"start":{"line":20,"column":19},"end":{"line":20,"column":null}},"12":{"start":{"line":21,"column":2},"end":{"line":21,"column":null}},"13":{"start":{"line":24,"column":34},"end":{"line":27,"column":null}},"14":{"start":{"line":25,"column":19},"end":{"line":25,"column":null}},"15":{"start":{"line":26,"column":2},"end":{"line":26,"column":null}}},"fnMap":{"0":{"name":"(anonymous_0)","decl":{"start":{"line":3,"column":31},"end":{"line":3,"column":38}},"loc":{"start":{"line":3,"column":54},"end":{"line":6,"column":null}},"line":3},"1":{"name":"(anonymous_1)","decl":{"start":{"line":8,"column":30},"end":{"line":8,"column":37}},"loc":{"start":{"line":8,"column":53},"end":{"line":11,"column":null}},"line":8},"2":{"name":"(anonymous_2)","decl":{"start":{"line":13,"column":27},"end":{"line":13,"column":34}},"loc":{"start":{"line":13,"column":52},"end":{"line":17,"column":null}},"line":13},"3":{"name":"(anonymous_3)","decl":{"start":{"line":19,"column":30},"end":{"line":19,"column":37}},"loc":{"start":{"line":19,"column":44},"end":{"line":22,"column":null}},"line":19},"4":{"name":"(anonymous_4)","decl":{"start":{"line":24,"column":34},"end":{"line":24,"column":41}},"loc":{"start":{"line":24,"column":53},"end":{"line":27,"column":null}},"line":24}},"branchMap":{"0":{"loc":{"start":{"line":13,"column":34},"end":{"line":13,"column":52}},"type":"default-arg","locations":[{"start":{"line":13,"column":43},"end":{"line":13,"column":52}}],"line":13},"1":{"loc":{"start":{"line":14,"column":16},"end":{"line":14,"column":null}},"type":"cond-expr","locations":[{"start":{"line":14,"column":25},"end":{"line":14,"column":47}},{"start":{"line":14,"column":47},"end":{"line":14,"column":null}}],"line":14}},"s":{"0":1,"1":1,"2":1,"3":1,"4":1,"5":1,"6":1,"7":2,"8":2,"9":2,"10":1,"11":1,"12":1,"13":1,"14":1,"15":1},"f":{"0":1,"1":1,"2":2,"3":1,"4":1},"b":{"0":[2],"1":[1,1]},"meta":{"lastBranch":2,"lastFunction":5,"lastStatement":16,"seen":{"s:3:31:6:Infinity":0,"f:3:31:3:38":0,"s:4:19:4:Infinity":1,"s:5:2:5:Infinity":2,"s:8:30:11:Infinity":3,"f:8:30:8:37":1,"s:9:19:9:Infinity":4,"s:10:2:10:Infinity":5,"s:13:27:17:Infinity":6,"f:13:27:13:34":2,"b:13:43:13:52":0,"s:14:16:14:Infinity":7,"b:14:25:14:47:14:47:14:Infinity":1,"s:15:19:15:Infinity":8,"s:16:2:16:Infinity":9,"s:19:30:22:Infinity":10,"f:19:30:19:37":3,"s:20:19:20:Infinity":11,"s:21:2:21:Infinity":12,"s:24:34:27:Infinity":13,"f:24:34:24:41":4,"s:25:19:25:Infinity":14,"s:26:2:26:Infinity":15},"fnNames":{}}}
,"C:\\Product\\ecommerce-frontend\\src\\services\\productService.js": {"path":"C:\\Product\\ecommerce-frontend\\src\\services\\productService.js","statementMap":{"0":{"start":{"line":3,"column":27},"end":{"line":6,"column":null}},"1":{"start":{"line":4,"column":19},"end":{"line":4,"column":null}},"2":{"start":{"line":5,"column":2},"end":{"line":5,"column":null}},"3":{"start":{"line":8,"column":30},"end":{"line":11,"column":null}},"4":{"start":{"line":9,"column":19},"end":{"line":9,"column":null}},"5":{"start":{"line":10,"column":2},"end":{"line":10,"column":null}},"6":{"start":{"line":13,"column":29},"end":{"line":16,"column":null}},"7":{"start":{"line":14,"column":19},"end":{"line":14,"column":null}},"8":{"start":{"line":15,"column":2},"end":{"line":15,"column":null}}},"fnMap":{"0":{"name":"(anonymous_0)","decl":{"start":{"line":3,"column":27},"end":{"line":3,"column":34}},"loc":{"start":{"line":3,"column":45},"end":{"line":6,"column":null}},"line":3},"1":{"name":"(anonymous_1)","decl":{"start":{"line":8,"column":30},"end":{"line":8,"column":37}},"loc":{"start":{"line":8,"column":44},"end":{"line":11,"column":null}},"line":8},"2":{"name":"(anonymous_2)","decl":{"start":{"line":13,"column":29},"end":{"line":13,"column":36}},"loc":{"start":{"line":13,"column":52},"end":{"line":16,"column":null}},"line":13}},"branchMap":{},"s":{"0":1,"1":1,"2":1,"3":1,"4":1,"5":1,"6":1,"7":1,"8":1},"f":{"0":1,"1":1,"2":1},"b":{},"meta":{"lastBranch":0,"lastFunction":3,"lastStatement":9,"seen":{"s:3:27:6:Infinity":0,"f:3:27:3:34":0,"s:4:19:4:Infinity":1,"s:5:2:5:Infinity":2,"s:8:30:11:Infinity":3,"f:8:30:8:37":1,"s:9:19:9:Infinity":4,"s:10:2:10:Infinity":5,"s:13:29:16:Infinity":6,"f:13:29:13:36":2,"s:14:19:14:Infinity":7,"s:15:2:15:Infinity":8},"fnNames":{}}}
,"C:\\Product\\ecommerce-frontend\\src\\test\\testUtils.jsx": {"path":"C:\\Product\\ecommerce-frontend\\src\\test\\testUtils.jsx","statementMap":{"0":{"start":{"line":11,"column":13},"end":{"line":25,"column":null}},"1":{"start":{"line":12,"column":8},"end":{"line":21,"column":null}},"2":{"start":{"line":13,"column":4},"end":{"line":21,"column":null}},"3":{"start":{"line":24,"column":2},"end":{"line":24,"column":null}},"4":{"start":{"line":30,"column":29},"end":{"line":34,"column":null}},"5":{"start":{"line":36,"column":31},"end":{"line":40,"column":null}},"6":{"start":{"line":42,"column":27},"end":{"line":50,"column":null}},"7":{"start":{"line":52,"column":25},"end":{"line":71,"column":null}},"8":{"start":{"line":73,"column":27},"end":{"line":81,"column":null}}},"fnMap":{"0":{"name":"(anonymous_0)","decl":{"start":{"line":11,"column":13},"end":{"line":11,"column":36}},"loc":{"start":{"line":11,"column":57},"end":{"line":25,"column":null}},"line":11},"1":{"name":"(anonymous_1)","decl":{"start":{"line":12,"column":8},"end":{"line":12,"column":19}},"loc":{"start":{"line":13,"column":4},"end":{"line":21,"column":null}},"line":13}},"branchMap":{"0":{"loc":{"start":{"line":11,"column":40},"end":{"line":11,"column":57}},"type":"default-arg","locations":[{"start":{"line":11,"column":50},"end":{"line":11,"column":57}}],"line":11}},"s":{"0":1,"1":0,"2":0,"3":0,"4":1,"5":1,"6":1,"7":1,"8":1},"f":{"0":0,"1":0},"b":{"0":[0]},"meta":{"lastBranch":1,"lastFunction":2,"lastStatement":9,"seen":{"s:11:13:25:Infinity":0,"f:11:13:11:36":0,"b:11:50:11:57":0,"s:12:8:21:Infinity":1,"f:12:8:12:19":1,"s:13:4:21:Infinity":2,"s:24:2:24:Infinity":3,"s:30:29:34:Infinity":4,"s:36:31:40:Infinity":5,"s:42:27:50:Infinity":6,"s:52:25:71:Infinity":7,"s:73:27:81:Infinity":8},"fnNames":{}}}
}
